[FATAL] 2019-09-18 16:52:42,884 com.edu.utils.Log - expectedValue doesn't match actualValue,actual Value is :200; expected Value is :400
[FATAL] 2019-09-18 16:53:18,796 com.edu.utils.Log - expectedValue doesn't match actualValue,actual Value is :200; expected Value is :400
[FATAL] 2019-09-18 17:08:41,735 com.edu.utils.Log - expectedValue doesn't match actualValue,actual Value is :403; expected Value is :400
[FATAL] 2019-09-18 17:25:53,068 com.edu.utils.Log - expectedValue doesn't match actualValue,actual Value is :200; expected Value is :400
[FATAL] 2019-09-19 08:57:29,057 com.edu.utils.Log - expectedValue doesn't match actualValue,actual Value is :请重新登录; expected Value is :success
[FATAL] 2019-09-19 08:59:02,208 com.edu.utils.Log - expectedValue doesn't match actualValue,actual Value is :请重新登录; expected Value is :success
[FATAL] 2019-09-19 08:59:30,939 com.edu.utils.Log - expectedValue doesn't match actualValue,actual Value is :请重新登录; expected Value is :success
[FATAL] 2019-09-19 09:20:28,031 com.edu.utils.Log - expectedValue doesn't match actualValue,actual Value is :400; expected Value is :200
[FATAL] 2019-09-25 09:58:15,156 com.edu.utils.Log - expectedValue doesn't match actualValue,actual Value is :400; expected Value is :200
[FATAL] 2019-09-25 15:24:55,101 com.edu.utils.Log - the Text: 'message' is not Present!
[FATAL] 2019-09-25 15:24:55,144 com.edu.utils.Log - the Text: 'message' is not Present!
[FATAL] 2019-12-10 15:55:12,381 com.edu.utils.Log - the Text: 'msg' is not Present!
[FATAL] 2019-12-11 08:47:23,416 com.edu.utils.Log - the Text: 'msg' is not Present!
[FATAL] 2019-12-11 08:47:36,076 com.edu.utils.Log - the Text: 'msg' is not Present!
[FATAL] 2019-12-11 08:50:18,778 com.edu.utils.Log - the Text: 'msg' is not Present!
[FATAL] 2019-12-11 08:54:50,853 com.edu.utils.Log - the Text: 'msg' is not Present!
[FATAL] 2019-12-11 08:56:35,022 com.edu.utils.Log - the Text: 'msg' is not Present!
[FATAL] 2019-12-11 08:57:36,654 com.edu.utils.Log - the Text: 'msg' is not Present!
[FATAL] 2019-12-11 09:12:28,767 com.edu.utils.Log - the Text: 'msg' is not Present!
[FATAL] 2019-12-11 14:19:07,518 com.edu.utils.Log - the Text: 'msg' is not Present!
[FATAL] 2019-12-11 16:10:37,770 com.edu.utils.Log - the Text: 'msg' is not Present!
[FATAL] 2019-12-11 17:05:52,705 com.edu.utils.Log - the Text: 'msg' is not Present!
[FATAL] 2019-12-11 17:11:07,010 com.edu.utils.Log - the Text: 'msg' is not Present!
[FATAL] 2019-12-11 20:19:28,768 com.edu.utils.Log - the Text: 'msg' is not Present!
[FATAL] 2019-12-11 20:21:20,197 com.edu.utils.Log - the Text: 'msg' is not Present!
[FATAL] 2019-12-12 08:44:22,786 com.edu.utils.Log - the Text: 'msg' is not Present!
[FATAL] 2019-12-12 08:55:47,377 com.edu.utils.Log - the Text: 'msg' is not Present!
[FATAL] 2019-12-12 09:32:17,762 com.edu.utils.Log - the Text: 'msg' is not Present!
[FATAL] 2019-12-12 09:38:59,771 com.edu.utils.Log - the Text: 'msg' is not Present!
[FATAL] 2019-12-12 09:40:34,785 com.edu.utils.Log - the Text: 'msg' is not Present!
[FATAL] 2019-12-12 09:44:26,390 com.edu.utils.Log - the Text: 'msg' is not Present!
[FATAL] 2019-12-12 09:47:03,751 com.edu.utils.Log - the Text: 'msg' is not Present!
[FATAL] 2019-12-12 18:04:13,330 com.edu.utils.Log - the Text: 'msg' is not Present!
[FATAL] 2019-12-13 10:13:06,966 com.edu.utils.Log - expectedValue doesn't match actualValue,actual Value is :200; expected Value is :success
[FATAL] 2019-12-13 10:47:50,775 com.edu.utils.Log - the Text: 'msg' is not Present!
[FATAL] 2019-12-13 10:48:15,117 com.edu.utils.Log - the Text: 'msg' is not Present!
[FATAL] 2019-12-13 11:07:14,547 com.edu.utils.Log - the Text: 'msg' is not Present!
[FATAL] 2019-12-16 08:41:31,498 com.edu.utils.Log - the Text: 'msg' is not Present!
[FATAL] 2019-12-16 17:21:24,021 com.edu.utils.Log - the Text: 'province' is not Present!
[FATAL] 2019-12-16 17:25:21,282 com.edu.utils.Log - the Text: 'province' is not Present!
[FATAL] 2019-12-16 17:32:12,044 com.edu.utils.Log - the Text: 'province' is not Present!
[FATAL] 2019-12-16 17:33:42,635 com.edu.utils.Log - the Text: 'msg' is not Present!
[FATAL] 2019-12-16 17:34:27,107 com.edu.utils.Log - the Text: 'msg' is not Present!
[FATAL] 2019-12-16 17:34:45,764 com.edu.utils.Log - the Text: 'province' is not Present!
[FATAL] 2019-12-17 08:08:48,516 com.edu.utils.Log - the Text: 'province' is not Present!
[FATAL] 2019-12-17 08:09:37,063 com.edu.utils.Log - the Text: 'province' is not Present!
[FATAL] 2019-12-17 08:10:54,202 com.edu.utils.Log - the Text: 'province' is not Present!
[FATAL] 2019-12-17 08:10:54,247 com.edu.utils.Log - the Text: 'province' is not Present!
[FATAL] 2019-12-17 08:13:27,997 com.edu.utils.Log - the Text: 'province' is not Present!
[FATAL] 2019-12-17 08:13:38,058 com.edu.utils.Log - the Text: 'province' is not Present!
[FATAL] 2019-12-17 08:14:04,008 com.edu.utils.Log - the Text: 'province' is not Present!
[FATAL] 2019-12-17 14:12:45,232 com.edu.utils.Log - the Text: 'msg' is not Present!
[FATAL] 2019-12-17 14:12:45,476 com.edu.utils.Log - the Text: 'msg' is not Present!
[FATAL] 2019-12-17 14:13:44,091 com.edu.utils.Log - the Text: 'msg' is not Present!
[FATAL] 2019-12-17 14:13:44,126 com.edu.utils.Log - the Text: 'msg' is not Present!
[FATAL] 2019-12-18 09:45:42,991 com.edu.utils.Log - the Text: 'msg' is not Present!
[FATAL] 2019-12-18 09:45:47,145 com.edu.utils.Log - the Text: 'msg' is not Present!
